0 info it worked if it ends with ok
1 verbose cli [ 'C:\\Program Files\\nodejs\\node.exe',
1 verbose cli   'C:\\Users\\Coder02\\AppData\\Roaming\\npm\\node_modules\\npm\\bin\\npm-cli.js',
1 verbose cli   'start' ]
2 info using npm@4.1.1
3 info using node@v8.11.3
4 verbose run-script [ 'prestart', 'start', 'poststart' ]
5 info lifecycle chat@0.0.1~prestart: chat@0.0.1
6 silly lifecycle chat@0.0.1~prestart: no script for prestart, continuing
7 info lifecycle chat@0.0.1~start: chat@0.0.1
8 verbose lifecycle chat@0.0.1~start: unsafe-perm in lifecycle true
9 verbose lifecycle chat@0.0.1~start: PATH: C:\Users\Coder02\AppData\Roaming\npm\node_modules\npm\bin\node-gyp-bin;D:\Ajosh\node\chat socket\node_modules\.bin;C:\Users\Coder02\Downloads\ffmpeg\bin;C:\Program Files\Microsoft VS Code\bin;C:\Program Files (x86)\MongoDB\Server\3.2\bin;C:\Program Files\nodejs\;C:\Program Files\Microsoft VS Code\bin;C:\Users\Coder02\Downloads\ffmpeg\bin;C:\Program Files\nodejs;C:\Program Files\Git\bin;C:\Users\Coder02\AppData\Roaming\npm
10 verbose lifecycle chat@0.0.1~start: CWD: D:\Ajosh\node\chat socket
11 silly lifecycle chat@0.0.1~start: Args: [ '/d /s /c', 'node app.js' ]
12 silly lifecycle chat@0.0.1~start: Returned: code: 1  signal: null
13 info lifecycle chat@0.0.1~start: Failed to exec start script
14 verbose stack Error: chat@0.0.1 start: `node app.js`
14 verbose stack Exit status 1
14 verbose stack     at EventEmitter.<anonymous> (C:\Users\Coder02\AppData\Roaming\npm\node_modules\npm\lib\utils\lifecycle.js:279:16)
14 verbose stack     at emitTwo (events.js:126:13)
14 verbose stack     at EventEmitter.emit (events.js:214:7)
14 verbose stack     at ChildProcess.<anonymous> (C:\Users\Coder02\AppData\Roaming\npm\node_modules\npm\lib\utils\spawn.js:40:14)
14 verbose stack     at emitTwo (events.js:126:13)
14 verbose stack     at ChildProcess.emit (events.js:214:7)
14 verbose stack     at maybeClose (internal/child_process.js:925:16)
14 verbose stack     at Process.ChildProcess._handle.onexit (internal/child_process.js:209:5)
15 verbose pkgid chat@0.0.1
16 verbose cwd D:\Ajosh\node\chat socket
17 error Windows_NT 6.1.7600
18 error argv "C:\\Program Files\\nodejs\\node.exe" "C:\\Users\\Coder02\\AppData\\Roaming\\npm\\node_modules\\npm\\bin\\npm-cli.js" "start"
19 error node v8.11.3
20 error npm  v4.1.1
21 error code ELIFECYCLE
22 error chat@0.0.1 start: `node app.js`
22 error Exit status 1
23 error Failed at the chat@0.0.1 start script 'node app.js'.
23 error Make sure you have the latest version of node.js and npm installed.
23 error If you do, this is most likely a problem with the chat package,
23 error not with npm itself.
23 error Tell the author that this fails on your system:
23 error     node app.js
23 error You can get information on how to open an issue for this project with:
23 error     npm bugs chat
23 error Or if that isn't available, you can get their info via:
23 error     npm owner ls chat
23 error There is likely additional logging output above.
24 verbose exit [ 1, true ]
